  bspTree.cpp
c:\users\rsdfb\onedrive\바탕 화면\cs350\cs350_chiho.kwon_2\assignment1\bsptree.h(3): fatal error C1083: Cannot open include file: 'glm/glm.hpp': No such file or directory
  bvhTree.cpp
c:\users\rsdfb\onedrive\바탕 화면\cs350\cs350_chiho.kwon_2\assignment1\bvhtree.h(3): fatal error C1083: Cannot open include file: 'glm/glm.hpp': No such file or directory
  Camera.cpp
c:\users\rsdfb\onedrive\바탕 화면\cs350\cs350_chiho.kwon_2\assignment1\camera.h(16): fatal error C1083: Cannot open include file: 'glad/glad.h': No such file or directory
  imgui.cpp
  imgui_demo.cpp
  imgui_draw.cpp
  imgui_impl_glfw.cpp
c:\users\rsdfb\onedrive\바탕 화면\cs350\cs350_chiho.kwon_2\assignment1\include\imgui\imgui_impl_glfw.cpp(35): fatal error C1083: Cannot open include file: 'GLFW/glfw3.h': No such file or directory
  imgui_impl_opengl3.cpp
c:\users\rsdfb\onedrive\바탕 화면\cs350\cs350_chiho.kwon_2\assignment1\include\imgui\imgui_impl_opengl3.cpp(85): fatal error C1083: Cannot open include file: 'glad/glad.h': No such file or directory
  imgui_widgets.cpp
  main.cpp
c:\users\rsdfb\onedrive\바탕 화면\cs350\cs350_chiho.kwon_2\assignment1\main.cpp(14): fatal error C1083: Cannot open include file: 'glad/glad.h': No such file or directory
  Model.cpp
c:\users\rsdfb\onedrive\바탕 화면\cs350\cs350_chiho.kwon_2\assignment1\model.cpp(15): fatal error C1083: Cannot open include file: 'glad/glad.h': No such file or directory
  Octree.cpp
c:\users\rsdfb\onedrive\바탕 화면\cs350\cs350_chiho.kwon_2\assignment1\octree.h(3): fatal error C1083: Cannot open include file: 'glm/glm.hpp': No such file or directory
  Shader.cpp
c:\users\rsdfb\onedrive\바탕 화면\cs350\cs350_chiho.kwon_2\assignment1\shader.h(16): fatal error C1083: Cannot open include file: 'glad/glad.h': No such file or directory
